<?xml version="1.0" encoding="UTF-8"?>
<!-- Generated by org.testng.reporters.JUnitReportReporter -->
<testsuite hostname="NPNS1ANP1GUEW53" name="test.NewTest" tests="1" failures="0" timestamp="24 Aug 2019 03:35:58 GMT" time="0.516" errors="0">
  <testcase name="f" time="0.516" classname="test.NewTest"/>
</testsuite> <!-- test.NewTest -->
